Build started 26/10/2012 19:13:00.
     1>Project "E:\Workspace\HeadTracker\HeadTracker\HeadTracker.vcxproj" on node 2 (build target(s)).
     1>PrepareForBuild:
         Creating directory "E:\Workspace\HeadTracker\Debug\".
       InitializeBuildStatus:
         Creating "Debug\HeadTracker.unsuccessfulbuild" because "AlwaysCreate" was specified.
       ClCompile:
         C:\Program Files (x86)\Microsoft Visual Studio 10.0\VC\bin\CL.exe /c /ZI /nologo /W3 /WX- /Od /Oy- /D WIN32 /D _DEBUG /D _CONSOLE /D _UNICODE /D UNICODE /Gm /EHsc /RTC1 /MDd /GS /fp:precise /Zc:wchar_t /Zc:forScope /Fo"Debug\\" /Fd"Debug\vc100.pdb" /Gd /TP /analyze- /errorReport:prompt main.cpp Model3D.cpp Vector3.cpp
         Vector3.cpp
         Model3D.cpp
     1>e:\workspace\headtracker\headtracker\model3d.cpp(43): warning C4996: 'sscanf': This function or variable may be unsafe. Consider using sscanf_s instead. To disable deprecation, use _CRT_SECURE_NO_WARNINGS. See online help for details.
                 c:\program files (x86)\microsoft visual studio 10.0\vc\include\stdio.h(325) : see declaration of 'sscanf'
     1>e:\workspace\headtracker\headtracker\model3d.cpp(49): warning C4996: 'sscanf': This function or variable may be unsafe. Consider using sscanf_s instead. To disable deprecation, use _CRT_SECURE_NO_WARNINGS. See online help for details.
                 c:\program files (x86)\microsoft visual studio 10.0\vc\include\stdio.h(325) : see declaration of 'sscanf'
     1>e:\workspace\headtracker\headtracker\model3d.cpp(58): warning C4996: 'sscanf': This function or variable may be unsafe. Consider using sscanf_s instead. To disable deprecation, use _CRT_SECURE_NO_WARNINGS. See online help for details.
                 c:\program files (x86)\microsoft visual studio 10.0\vc\include\stdio.h(325) : see declaration of 'sscanf'
     1>e:\workspace\headtracker\headtracker\model3d.cpp(91): warning C4018: '<' : signed/unsigned mismatch
     1>e:\workspace\headtracker\headtracker\model3d.cpp(95): warning C4018: '<' : signed/unsigned mismatch
         main.cpp
         Generating Code...
       ManifestResourceCompile:
         C:\Program Files (x86)\Microsoft SDKs\Windows\v7.0A\bin\rc.exe /nologo /fo"Debug\HeadTracker.exe.embed.manifest.res" Debug\HeadTracker_manifest.rc 
       Link:
         C:\Program Files (x86)\Microsoft Visual Studio 10.0\VC\bin\link.exe /ERRORREPORT:PROMPT /OUT:"E:\Workspace\HeadTracker\Debug\HeadTracker.exe" /INCREMENTAL /NOLOGO kernel32.lib user32.lib gdi32.lib winspool.lib comdlg32.lib advapi32.lib shell32.lib ole32.lib oleaut32.lib uuid.lib odbc32.lib odbccp32.lib /MANIFEST /ManifestFile:"Debug\HeadTracker.exe.intermediate.manifest" /MANIFESTUAC:"level='asInvoker' uiAccess='false'" /DEBUG /PDB:"E:\Workspace\HeadTracker\Debug\HeadTracker.pdb" /SUBSYSTEM:CONSOLE /TLBID:1 /DYNAMICBASE /NXCOMPAT /IMPLIB:"E:\Workspace\HeadTracker\Debug\HeadTracker.lib" /MACHINE:X86 Debug\HeadTracker.exe.embed.manifest.res
         Debug\main.obj
         Debug\Model3D.obj
         Debug\Vector3.obj
       Manifest:
         C:\Program Files (x86)\Microsoft SDKs\Windows\v7.0A\bin\mt.exe /nologo /verbose /out:"Debug\HeadTracker.exe.embed.manifest" /manifest Debug\HeadTracker.exe.intermediate.manifest
         C:\Program Files (x86)\Microsoft SDKs\Windows\v7.0A\bin\rc.exe /nologo /fo"Debug\HeadTracker.exe.embed.manifest.res" Debug\HeadTracker_manifest.rc 
       LinkEmbedManifest:
         C:\Program Files (x86)\Microsoft Visual Studio 10.0\VC\bin\link.exe /ERRORREPORT:PROMPT /OUT:"E:\Workspace\HeadTracker\Debug\HeadTracker.exe" /INCREMENTAL /NOLOGO kernel32.lib user32.lib gdi32.lib winspool.lib comdlg32.lib advapi32.lib shell32.lib ole32.lib oleaut32.lib uuid.lib odbc32.lib odbccp32.lib /MANIFEST /ManifestFile:"Debug\HeadTracker.exe.intermediate.manifest" /MANIFESTUAC:"level='asInvoker' uiAccess='false'" /DEBUG /PDB:"E:\Workspace\HeadTracker\Debug\HeadTracker.pdb" /SUBSYSTEM:CONSOLE /TLBID:1 /DYNAMICBASE /NXCOMPAT /IMPLIB:"E:\Workspace\HeadTracker\Debug\HeadTracker.lib" /MACHINE:X86 Debug\HeadTracker.exe.embed.manifest.res
         Debug\main.obj
         Debug\Model3D.obj
         Debug\Vector3.obj
         HeadTracker.vcxproj -> E:\Workspace\HeadTracker\Debug\HeadTracker.exe
       FinalizeBuildStatus:
         Deleting file "Debug\HeadTracker.unsuccessfulbuild".
         Touching "Debug\HeadTracker.lastbuildstate".
     1>Done Building Project "E:\Workspace\HeadTracker\HeadTracker\HeadTracker.vcxproj" (build target(s)).

Build succeeded.

Time Elapsed 00:00:04.26
