Build started 26/10/2012 19:14:21.
     1>Project "E:\Workspace\HeadTracker\HeadTracker\HeadTracker.vcxproj" on node 2 (build target(s)).
     1>InitializeBuildStatus:
         Touching "Release\HeadTracker.unsuccessfulbuild".
       ClCompile:
         C:\Program Files (x86)\Microsoft Visual Studio 10.0\VC\bin\CL.exe /c /Zi /nologo /W3 /WX- /O2 /Oi /Oy- /GL /D WIN32 /D NDEBUG /D _CONSOLE /D _UNICODE /D UNICODE /Gm- /EHsc /MD /GS /Gy /fp:precise /Zc:wchar_t /Zc:forScope /Fo"Release\\" /Fd"Release\vc100.pdb" /Gd /TP /analyze- /errorReport:prompt main.cpp
         main.cpp
       Link:
         C:\Program Files (x86)\Microsoft Visual Studio 10.0\VC\bin\link.exe /ERRORREPORT:PROMPT /OUT:"E:\Workspace\HeadTracker\Release\HeadTracker.exe" /INCREMENTAL:NO /NOLOGO kernel32.lib user32.lib gdi32.lib winspool.lib comdlg32.lib advapi32.lib shell32.lib ole32.lib oleaut32.lib uuid.lib odbc32.lib odbccp32.lib /MANIFEST /ManifestFile:"Release\HeadTracker.exe.intermediate.manifest" /MANIFESTUAC:"level='asInvoker' uiAccess='false'" /DEBUG /PDB:"E:\Workspace\HeadTracker\Release\HeadTracker.pdb" /SUBSYSTEM:CONSOLE /OPT:REF /OPT:ICF /LTCG /TLBID:1 /DYNAMICBASE /NXCOMPAT /IMPLIB:"E:\Workspace\HeadTracker\Release\HeadTracker.lib" /MACHINE:X86 Release\main.obj
         Release\Model3D.obj
         Release\Vector3.obj
         Generating code
         Finished generating code
         HeadTracker.vcxproj -> E:\Workspace\HeadTracker\Release\HeadTracker.exe
       Manifest:
         C:\Program Files (x86)\Microsoft SDKs\Windows\v7.0A\bin\mt.exe /nologo /verbose /outputresource:"E:\Workspace\HeadTracker\Release\HeadTracker.exe;#1" /manifest Release\HeadTracker.exe.intermediate.manifest
       FinalizeBuildStatus:
         Deleting file "Release\HeadTracker.unsuccessfulbuild".
         Touching "Release\HeadTracker.lastbuildstate".
     1>Done Building Project "E:\Workspace\HeadTracker\HeadTracker\HeadTracker.vcxproj" (build target(s)).

Build succeeded.

Time Elapsed 00:00:02.13
